<?xml version="1.0" encoding="UTF-8"?>
<robot generator="Robot 6.0.2 (Python 3.10.6 on linux)" generated="20230406 14:07:04.841" rpa="false" schemaversion="3">
<suite id="s1" name="Form" source="/home/julianag/projectqa/robot_upskilling/features/form.robot">
<test id="s1-t1" name="Scenario 7: Create “Sprint Date” functionality" line="49">
<kw name="Given That the user has already selected a sprint ${sprint_test}" library="form_keywords" sourcename="That the user has already selected a sprint ${sprint}">
<kw name="That the user has already selected a project ${projet_test}" library="form_keywords" sourcename="That the user has already selected a project ${project}">
<kw name="That the user has already selected a Growth Unit ${gu_test}" library="form_keywords" sourcename="That the user has already selected a Growth Unit ${GU}">
<kw name="That the ${user} accesses the ${homepage_address}" library="form_keywords" sourcename="That the ${user} accesses the ${homepage_address}">
<kw name="Open Browser" library="SeleniumLibrary">
<arg>${homepage_address}</arg>
<arg>chrome</arg>
<doc>Opens a new browser instance to the optional ``url``.</doc>
<msg timestamp="20230406 14:07:05.086" level="INFO">Opening browser 'chrome' to base url 'https://upskilling2023:2k23%5Et4ur@release-team-1.d2llxmc59vnghi.amplifyapp.com'.</msg>
<status status="PASS" starttime="20230406 14:07:05.085" endtime="20230406 14:07:07.704"/>
</kw>
<status status="PASS" starttime="20230406 14:07:05.085" endtime="20230406 14:07:07.704"/>
</kw>
<kw name="Scroll Element Into View" library="SeleniumLibrary">
<arg>${field_gu}</arg>
<doc>Scrolls the element identified by ``locator`` into view.</doc>
<status status="PASS" starttime="20230406 14:07:07.705" endtime="20230406 14:07:07.992"/>
</kw>
<kw name="Select From List By Label" library="SeleniumLibrary">
<arg>${field_gu}</arg>
<arg>${GU}</arg>
<doc>Selects options from selection list ``locator`` by ``labels``.</doc>
<msg timestamp="20230406 14:07:07.995" level="INFO">Selecting options from selection list 'xpath://select[@id="unit-select"]' by label Alpha Tauri.</msg>
<status status="PASS" starttime="20230406 14:07:07.993" endtime="20230406 14:07:08.190"/>
</kw>
<status status="PASS" starttime="20230406 14:07:05.084" endtime="20230406 14:07:08.190"/>
</kw>
<kw name="Select From List By Label" library="SeleniumLibrary">
<arg>${field_project}</arg>
<arg>${project}</arg>
<doc>Selects options from selection list ``locator`` by ``labels``.</doc>
<msg timestamp="20230406 14:07:08.191" level="INFO">Selecting options from selection list 'xpath://select[@id="project-select"]' by label J&amp;J Project.</msg>
<status status="PASS" starttime="20230406 14:07:08.191" endtime="20230406 14:07:08.371"/>
</kw>
<status status="PASS" starttime="20230406 14:07:05.084" endtime="20230406 14:07:08.371"/>
</kw>
<kw name="Select From List By Label" library="SeleniumLibrary">
<arg>${field_sprint}</arg>
<arg>${sprint}</arg>
<doc>Selects options from selection list ``locator`` by ``labels``.</doc>
<msg timestamp="20230406 14:07:08.372" level="INFO">Selecting options from selection list 'xpath://select[@id="sprint-select"]' by label Sprint 1.</msg>
<status status="PASS" starttime="20230406 14:07:08.372" endtime="20230406 14:07:08.494"/>
</kw>
<status status="PASS" starttime="20230406 14:07:05.084" endtime="20230406 14:07:08.494"/>
</kw>
<kw name="When The field &quot;${field_data_from}&quot; is visible" library="form_keywords" sourcename="The field &quot;${field_name}&quot; is visible">
<kw name="Element Should Be Visible" library="SeleniumLibrary">
<arg>${field_name}</arg>
<doc>Verifies that the element identified by ``locator`` is visible.</doc>
<msg timestamp="20230406 14:07:08.549" level="INFO">Element 'xpath://div[@id="sprint-date-from"]' is displayed.</msg>
<status status="PASS" starttime="20230406 14:07:08.495" endtime="20230406 14:07:08.549"/>
</kw>
<status status="PASS" starttime="20230406 14:07:08.494" endtime="20230406 14:07:08.549"/>
</kw>
<kw name="Then The field &quot;${field_data_unitl}&quot; is visible" library="form_keywords" sourcename="The field &quot;${field_name}&quot; is visible">
<kw name="Element Should Be Visible" library="SeleniumLibrary">
<arg>${field_name}</arg>
<doc>Verifies that the element identified by ``locator`` is visible.</doc>
<msg timestamp="20230406 14:07:08.597" level="INFO">Element 'xpath://div[@id="sprint-date-until"]' is displayed.</msg>
<status status="PASS" starttime="20230406 14:07:08.551" endtime="20230406 14:07:08.597"/>
</kw>
<status status="PASS" starttime="20230406 14:07:08.549" endtime="20230406 14:07:08.597"/>
</kw>
<kw name="Close Browser" library="SeleniumLibrary" type="TEARDOWN">
<doc>Closes the current browser.</doc>
<status status="PASS" starttime="20230406 14:07:08.597" endtime="20230406 14:07:08.657"/>
</kw>
<tag>taur990</tag>
<status status="PASS" starttime="20230406 14:07:05.083" endtime="20230406 14:07:08.658"/>
</test>
<doc>Upskilling program test features</doc>
<status status="PASS" starttime="20230406 14:07:04.842" endtime="20230406 14:07:08.659"/>
</suite>
<statistics>
<total>
<stat pass="1" fail="0" skip="0">All Tests</stat>
</total>
<tag>
<stat pass="1" fail="0" skip="0">taur990</stat>
</tag>
<suite>
<stat pass="1" fail="0" skip="0" id="s1" name="Form">Form</stat>
</suite>
</statistics>
<errors>
</errors>
</robot>
